This file contains any messages produced by compilers while
running configure, to aid debugging if configure makes a mistake.

It was created by pear configure 1.0.0, which was
generated by GNU Autoconf 2.67.  Invocation command line was

  $ ./configure 

## --------- ##
## Platform. ##
## --------- ##

hostname = socrates
uname -m = i686
uname -r = 2.6.32-5-686
uname -s = Linux
uname -v = #1 SMP Mon Oct 3 04:15:24 UTC 2011

/usr/bin/uname -p = unknown
/bin/uname -X     = unknown

/bin/arch              = unknown
/usr/bin/arch -k       = unknown
/usr/convex/getsysinfo = unknown
/usr/bin/hostinfo      = unknown
/bin/machine           = unknown
/usr/bin/oslevel       = unknown
/bin/universe          = unknown

PATH: /usr/local/bin
PATH: /usr/bin
PATH: /bin
PATH: /usr/local/games
PATH: /usr/games


## ----------- ##
## Core tests. ##
## ----------- ##

configure:2262: checking for a BSD-compatible install
configure:2330: result: /usr/bin/install -c
configure:2341: checking whether build environment is sane
configure:2391: result: yes
configure:2532: checking for a thread-safe mkdir -p
configure:2571: result: /bin/mkdir -p
configure:2584: checking for gawk
configure:2600: found /usr/bin/gawk
configure:2611: result: gawk
configure:2622: checking whether make sets $(MAKE)
configure:2644: result: yes
configure:2777: checking for gcc
configure:2793: found /usr/bin/gcc
configure:2804: result: gcc
configure:3033: checking for C compiler version
configure:3042: gcc --version >&5
gcc (Debian 4.7.2-2) 4.7.2
Copyright (C) 2012 Free Software Foundation, Inc.
This is free software; see the source for copying conditions.  There is NO
warranty; not even for MERCHANTABILITY or FITNESS FOR A PARTICULAR PURPOSE.

configure:3053: $? = 0
configure:3042: gcc -v >&5
Using built-in specs.
COLLECT_GCC=gcc
COLLECT_LTO_WRAPPER=/usr/lib/gcc/i486-linux-gnu/4.7/lto-wrapper
Target: i486-linux-gnu
Configured with: ../src/configure -v --with-pkgversion='Debian 4.7.2-2' --with-bugurl=file:///usr/share/doc/gcc-4.7/README.Bugs --enable-languages=c,c++,go,fortran,objc,obj-c++ --prefix=/usr --program-suffix=-4.7 --enable-shared --enable-linker-build-id --with-system-zlib --libexecdir=/usr/lib --without-included-gettext --enable-threads=posix --with-gxx-include-dir=/usr/include/c++/4.7 --libdir=/usr/lib --enable-nls --with-sysroot=/ --enable-clocale=gnu --enable-libstdcxx-debug --enable-libstdcxx-time=yes --enable-gnu-unique-object --enable-plugin --enable-objc-gc --enable-targets=all --with-arch-32=i586 --with-tune=generic --enable-checking=release --build=i486-linux-gnu --host=i486-linux-gnu --target=i486-linux-gnu
Thread model: posix
gcc version 4.7.2 (Debian 4.7.2-2) 
configure:3053: $? = 0
configure:3042: gcc -V >&5
gcc: error: unrecognized command line option '-V'
gcc: fatal error: no input files
compilation terminated.
configure:3053: $? = 4
configure:3042: gcc -qversion >&5
gcc: error: unrecognized command line option '-qversion'
gcc: fatal error: no input files
compilation terminated.
configure:3053: $? = 4
configure:3073: checking whether the C compiler works
configure:3095: gcc    conftest.c  >&5
configure:3099: $? = 0
configure:3147: result: yes
configure:3150: checking for C compiler default output file name
configure:3152: result: a.out
configure:3158: checking for suffix of executables
configure:3165: gcc -o conftest    conftest.c  >&5
configure:3169: $? = 0
configure:3191: result: 
configure:3213: checking whether we are cross compiling
configure:3221: gcc -o conftest    conftest.c  >&5
configure:3225: $? = 0
configure:3232: ./conftest
configure:3236: $? = 0
configure:3251: result: no
configure:3256: checking for suffix of object files
configure:3278: gcc -c   conftest.c >&5
configure:3282: $? = 0
configure:3303: result: o
configure:3307: checking whether we are using the GNU C compiler
configure:3326: gcc -c   conftest.c >&5
configure:3326: $? = 0
configure:3335: result: yes
configure:3344: checking whether gcc accepts -g
configure:3364: gcc -c -g  conftest.c >&5
configure:3364: $? = 0
configure:3405: result: yes
configure:3422: checking for gcc option to accept ISO C89
configure:3486: gcc  -c -g -O2  conftest.c >&5
configure:3486: $? = 0
configure:3499: result: none needed
configure:3530: checking for style of include used by make
configure:3558: result: GNU
configure:3583: checking dependency style of gcc
configure:3693: result: gcc3
configure:3713: checking for log in -lm
configure:3738: gcc -o conftest -g -O2   conftest.c -lm   >&5
conftest.c:18:6: warning: conflicting types for built-in function 'log' [enabled by default]
configure:3738: $? = 0
configure:3747: result: yes
configure:3759: checking for main in -lpthread
configure:3778: gcc -o conftest -g -O2   conftest.c -lpthread  -lm  >&5
configure:3778: $? = 0
configure:3787: result: yes
configure:3805: checking how to run the C preprocessor
configure:3836: gcc -E  conftest.c
configure:3836: $? = 0
configure:3850: gcc -E  conftest.c
conftest.c:13:28: fatal error: ac_nonexistent.h: No such file or directory
compilation terminated.
configure:3850: $? = 1
configure: failed program was:
| /* confdefs.h */
| #define PACKAGE_NAME "pear"
| #define PACKAGE_TARNAME "pear"
| #define PACKAGE_VERSION "1.0.0"
| #define PACKAGE_STRING "pear 1.0.0"
| #define PACKAGE_BUGREPORT "Tomas.Flouri@h-its.org"
| #define PACKAGE_URL ""
| #define PACKAGE "pear"
| #define VERSION "1.0.0"
| #define HAVE_LIBM 1
| #define HAVE_LIBPTHREAD 1
| /* end confdefs.h.  */
| #include <ac_nonexistent.h>
configure:3875: result: gcc -E
configure:3895: gcc -E  conftest.c
configure:3895: $? = 0
configure:3909: gcc -E  conftest.c
conftest.c:13:28: fatal error: ac_nonexistent.h: No such file or directory
compilation terminated.
configure:3909: $? = 1
configure: failed program was:
| /* confdefs.h */
| #define PACKAGE_NAME "pear"
| #define PACKAGE_TARNAME "pear"
| #define PACKAGE_VERSION "1.0.0"
| #define PACKAGE_STRING "pear 1.0.0"
| #define PACKAGE_BUGREPORT "Tomas.Flouri@h-its.org"
| #define PACKAGE_URL ""
| #define PACKAGE "pear"
| #define VERSION "1.0.0"
| #define HAVE_LIBM 1
| #define HAVE_LIBPTHREAD 1
| /* end confdefs.h.  */
| #include <ac_nonexistent.h>
configure:3938: checking for grep that handles long lines and -e
configure:3996: result: /bin/grep
configure:4001: checking for egrep
configure:4063: result: /bin/grep -E
configure:4068: checking for ANSI C header files
configure:4088: gcc -c -g -O2  conftest.c >&5
configure:4088: $? = 0
configure:4161: gcc -o conftest -g -O2   conftest.c -lpthread -lm  >&5
configure:4161: $? = 0
configure:4161: ./conftest
configure:4161: $? = 0
configure:4172: result: yes
configure:4185: checking for sys/types.h
configure:4185: gcc -c -g -O2  conftest.c >&5
configure:4185: $? = 0
configure:4185: result: yes
configure:4185: checking for sys/stat.h
configure:4185: gcc -c -g -O2  conftest.c >&5
configure:4185: $? = 0
configure:4185: result: yes
configure:4185: checking for stdlib.h
configure:4185: gcc -c -g -O2  conftest.c >&5
configure:4185: $? = 0
configure:4185: result: yes
configure:4185: checking for string.h
configure:4185: gcc -c -g -O2  conftest.c >&5
configure:4185: $? = 0
configure:4185: result: yes
configure:4185: checking for memory.h
configure:4185: gcc -c -g -O2  conftest.c >&5
configure:4185: $? = 0
configure:4185: result: yes
configure:4185: checking for strings.h
configure:4185: gcc -c -g -O2  conftest.c >&5
configure:4185: $? = 0
configure:4185: result: yes
configure:4185: checking for inttypes.h
configure:4185: gcc -c -g -O2  conftest.c >&5
configure:4185: $? = 0
configure:4185: result: yes
configure:4185: checking for stdint.h
configure:4185: gcc -c -g -O2  conftest.c >&5
configure:4185: $? = 0
configure:4185: result: yes
configure:4185: checking for unistd.h
configure:4185: gcc -c -g -O2  conftest.c >&5
configure:4185: $? = 0
configure:4185: result: yes
configure:4200: checking for stdint.h
configure:4200: result: yes
configure:4200: checking for stdlib.h
configure:4200: result: yes
configure:4200: checking for string.h
configure:4200: result: yes
configure:4212: checking for inline
configure:4228: gcc -c -g -O2  conftest.c >&5
configure:4228: $? = 0
configure:4236: result: inline
configure:4254: checking for size_t
configure:4254: gcc -c -g -O2  conftest.c >&5
configure:4254: $? = 0
configure:4254: gcc -c -g -O2  conftest.c >&5
conftest.c: In function 'main':
conftest.c:62:21: error: expected expression before ')' token
configure:4254: $? = 1
configure: failed program was:
| /* confdefs.h */
| #define PACKAGE_NAME "pear"
| #define PACKAGE_TARNAME "pear"
| #define PACKAGE_VERSION "1.0.0"
| #define PACKAGE_STRING "pear 1.0.0"
| #define PACKAGE_BUGREPORT "Tomas.Flouri@h-its.org"
| #define PACKAGE_URL ""
| #define PACKAGE "pear"
| #define VERSION "1.0.0"
| #define HAVE_LIBM 1
| #define HAVE_LIBPTHREAD 1
| #define STDC_HEADERS 1
| #define HAVE_SYS_TYPES_H 1
| #define HAVE_SYS_STAT_H 1
| #define HAVE_STDLIB_H 1
| #define HAVE_STRING_H 1
| #define HAVE_MEMORY_H 1
| #define HAVE_STRINGS_H 1
| #define HAVE_INTTYPES_H 1
| #define HAVE_STDINT_H 1
| #define HAVE_UNISTD_H 1
| #define HAVE_STDINT_H 1
| #define HAVE_STDLIB_H 1
| #define HAVE_STRING_H 1
| /* end confdefs.h.  */
| #include <stdio.h>
| #ifdef HAVE_SYS_TYPES_H
| # include <sys/types.h>
| #endif
| #ifdef HAVE_SYS_STAT_H
| # include <sys/stat.h>
| #endif
| #ifdef STDC_HEADERS
| # include <stdlib.h>
| # include <stddef.h>
| #else
| # ifdef HAVE_STDLIB_H
| #  include <stdlib.h>
| # endif
| #endif
| #ifdef HAVE_STRING_H
| # if !defined STDC_HEADERS && defined HAVE_MEMORY_H
| #  include <memory.h>
| # endif
| # include <string.h>
| #endif
| #ifdef HAVE_STRINGS_H
| # include <strings.h>
| #endif
| #ifdef HAVE_INTTYPES_H
| # include <inttypes.h>
| #endif
| #ifdef HAVE_STDINT_H
| # include <stdint.h>
| #endif
| #ifdef HAVE_UNISTD_H
| # include <unistd.h>
| #endif
| int
| main ()
| {
| if (sizeof ((size_t)))
| 	    return 0;
|   ;
|   return 0;
| }
configure:4254: result: yes
configure:4265: checking for uint32_t
configure:4265: gcc -c -g -O2  conftest.c >&5
configure:4265: $? = 0
configure:4265: result: yes
configure:4283: checking for stdlib.h
configure:4283: result: yes
configure:4293: checking for GNU libc compatible malloc
configure:4317: gcc -o conftest -g -O2   conftest.c -lpthread -lm  >&5
configure:4317: $? = 0
configure:4317: ./conftest
configure:4317: $? = 0
configure:4327: result: yes
configure:4348: checking for working strtod
configure:4389: gcc -o conftest -g -O2   conftest.c -lpthread -lm  >&5
configure:4389: $? = 0
configure:4389: ./conftest
configure:4389: $? = 0
configure:4399: result: yes
configure:4464: checking for memmove
configure:4464: gcc -o conftest -g -O2   conftest.c -lpthread -lm  >&5
conftest.c:51:6: warning: conflicting types for built-in function 'memmove' [enabled by default]
configure:4464: $? = 0
configure:4464: result: yes
configure:4464: checking for pow
configure:4464: gcc -o conftest -g -O2   conftest.c -lpthread -lm  >&5
conftest.c:52:6: warning: conflicting types for built-in function 'pow' [enabled by default]
configure:4464: $? = 0
configure:4464: result: yes
configure:4464: checking for strtol
configure:4464: gcc -o conftest -g -O2   conftest.c -lpthread -lm  >&5
configure:4464: $? = 0
configure:4464: result: yes
configure:4476: checking for library containing pthread_create
configure:4507: gcc -o conftest -g -O2   conftest.c -lpthread -lm  >&5
configure:4507: $? = 0
configure:4524: result: none required
configure:4536: checking pthread.h usability
configure:4536: gcc -c -g -O2  conftest.c >&5
configure:4536: $? = 0
configure:4536: result: yes
configure:4536: checking pthread.h presence
configure:4536: gcc -E  conftest.c
configure:4536: $? = 0
configure:4536: result: yes
configure:4536: checking for pthread.h
configure:4536: result: yes
configure:4559: checking whether gcc and cc understand -c and -o together
configure:4590: gcc -c conftest.c -o conftest2.o >&5
configure:4594: $? = 0
configure:4600: gcc -c conftest.c -o conftest2.o >&5
configure:4604: $? = 0
configure:4615: cc -c conftest.c >&5
configure:4619: $? = 0
configure:4627: cc -c conftest.c -o conftest2.o >&5
configure:4631: $? = 0
configure:4637: cc -c conftest.c -o conftest2.o >&5
configure:4641: $? = 0
configure:4659: result: yes
configure:4811: creating ./config.status

## ---------------------- ##
## Running config.status. ##
## ---------------------- ##

This file was extended by pear config.status 1.0.0, which was
generated by GNU Autoconf 2.67.  Invocation command line was

  CONFIG_FILES    = 
  CONFIG_HEADERS  = 
  CONFIG_LINKS    = 
  CONFIG_COMMANDS = 
  $ ./config.status 

on socrates

config.status:872: creating Makefile
config.status:872: creating src/Makefile
config.status:872: creating man/Makefile
config.status:872: creating config.h
config.status:1052: config.h is unchanged
config.status:1100: executing depfiles commands

## ---------------- ##
## Cache variables. ##
## ---------------- ##

ac_cv_c_compiler_gnu=yes
ac_cv_c_inline=inline
ac_cv_c_uint32_t=yes
ac_cv_env_CC_set=
ac_cv_env_CC_value=
ac_cv_env_CFLAGS_set=
ac_cv_env_CFLAGS_value=
ac_cv_env_CPPFLAGS_set=
ac_cv_env_CPPFLAGS_value=
ac_cv_env_CPP_set=
ac_cv_env_CPP_value=
ac_cv_env_LDFLAGS_set=
ac_cv_env_LDFLAGS_value=
ac_cv_env_LIBS_set=
ac_cv_env_LIBS_value=
ac_cv_env_build_alias_set=
ac_cv_env_build_alias_value=
ac_cv_env_host_alias_set=
ac_cv_env_host_alias_value=
ac_cv_env_target_alias_set=
ac_cv_env_target_alias_value=
ac_cv_func_malloc_0_nonnull=yes
ac_cv_func_memmove=yes
ac_cv_func_pow=yes
ac_cv_func_strtod=yes
ac_cv_func_strtol=yes
ac_cv_header_inttypes_h=yes
ac_cv_header_memory_h=yes
ac_cv_header_pthread_h=yes
ac_cv_header_stdc=yes
ac_cv_header_stdint_h=yes
ac_cv_header_stdlib_h=yes
ac_cv_header_string_h=yes
ac_cv_header_strings_h=yes
ac_cv_header_sys_stat_h=yes
ac_cv_header_sys_types_h=yes
ac_cv_header_unistd_h=yes
ac_cv_lib_m_log=yes
ac_cv_lib_pthread_main=yes
ac_cv_objext=o
ac_cv_path_EGREP='/bin/grep -E'
ac_cv_path_GREP=/bin/grep
ac_cv_path_install='/usr/bin/install -c'
ac_cv_path_mkdir=/bin/mkdir
ac_cv_prog_AWK=gawk
ac_cv_prog_CPP='gcc -E'
ac_cv_prog_ac_ct_CC=gcc
ac_cv_prog_cc_c89=
ac_cv_prog_cc_g=yes
ac_cv_prog_cc_gcc_c_o=yes
ac_cv_prog_make_make_set=yes
ac_cv_search_pthread_create='none required'
ac_cv_type_size_t=yes
am_cv_CC_dependencies_compiler_type=gcc3

## ----------------- ##
## Output variables. ##
## ----------------- ##

ACLOCAL='${SHELL} /home/xflouris/Git/PEAR/missing --run aclocal-1.11'
AMDEPBACKSLASH='\'
AMDEP_FALSE='#'
AMDEP_TRUE=''
AMTAR='${SHELL} /home/xflouris/Git/PEAR/missing --run tar'
AUTOCONF='${SHELL} /home/xflouris/Git/PEAR/missing --run autoconf'
AUTOHEADER='${SHELL} /home/xflouris/Git/PEAR/missing --run autoheader'
AUTOMAKE='${SHELL} /home/xflouris/Git/PEAR/missing --run automake-1.11'
AWK='gawk'
CC='gcc'
CCDEPMODE='depmode=gcc3'
CFLAGS='-g -O2'
CPP='gcc -E'
CPPFLAGS=''
CYGPATH_W='echo'
DEFS='-DHAVE_CONFIG_H'
DEPDIR='.deps'
ECHO_C=''
ECHO_N='-n'
ECHO_T=''
EGREP='/bin/grep -E'
EXEEXT=''
GREP='/bin/grep'
HAVE_PTHREADS_FALSE='#'
HAVE_PTHREADS_TRUE=''
INSTALL_DATA='${INSTALL} -m 644'
INSTALL_PROGRAM='${INSTALL}'
INSTALL_SCRIPT='${INSTALL}'
INSTALL_STRIP_PROGRAM='$(install_sh) -c -s'
LDFLAGS=''
LIBOBJS=''
LIBS='-lpthread -lm '
LTLIBOBJS=''
MAKEINFO='${SHELL} /home/xflouris/Git/PEAR/missing --run makeinfo'
MKDIR_P='/bin/mkdir -p'
OBJEXT='o'
PACKAGE='pear'
PACKAGE_BUGREPORT='Tomas.Flouri@h-its.org'
PACKAGE_NAME='pear'
PACKAGE_STRING='pear 1.0.0'
PACKAGE_TARNAME='pear'
PACKAGE_URL=''
PACKAGE_VERSION='1.0.0'
PATH_SEPARATOR=':'
POW_LIB=''
SET_MAKE=''
SHELL='/bin/bash'
STRIP=''
VERSION='1.0.0'
ac_ct_CC='gcc'
am__EXEEXT_FALSE=''
am__EXEEXT_TRUE='#'
am__fastdepCC_FALSE='#'
am__fastdepCC_TRUE=''
am__include='include'
am__isrc=''
am__leading_dot='.'
am__quote=''
am__tar='${AMTAR} chof - "$$tardir"'
am__untar='${AMTAR} xf -'
bindir='${exec_prefix}/bin'
build_alias=''
datadir='${datarootdir}'
datarootdir='${prefix}/share'
docdir='${datarootdir}/doc/${PACKAGE_TARNAME}'
dvidir='${docdir}'
exec_prefix='${prefix}'
host_alias=''
htmldir='${docdir}'
includedir='${prefix}/include'
infodir='${datarootdir}/info'
install_sh='${SHELL} /home/xflouris/Git/PEAR/install-sh'
libdir='${exec_prefix}/lib'
libexecdir='${exec_prefix}/libexec'
localedir='${datarootdir}/locale'
localstatedir='${prefix}/var'
mandir='${datarootdir}/man'
mkdir_p='/bin/mkdir -p'
oldincludedir='/usr/include'
pdfdir='${docdir}'
prefix='/usr/local'
program_transform_name='s,x,x,'
psdir='${docdir}'
sbindir='${exec_prefix}/sbin'
sharedstatedir='${prefix}/com'
sysconfdir='${prefix}/etc'
target_alias=''

## ----------- ##
## confdefs.h. ##
## ----------- ##

/* confdefs.h */
#define PACKAGE_NAME "pear"
#define PACKAGE_TARNAME "pear"
#define PACKAGE_VERSION "1.0.0"
#define PACKAGE_STRING "pear 1.0.0"
#define PACKAGE_BUGREPORT "Tomas.Flouri@h-its.org"
#define PACKAGE_URL ""
#define PACKAGE "pear"
#define VERSION "1.0.0"
#define HAVE_LIBM 1
#define HAVE_LIBPTHREAD 1
#define STDC_HEADERS 1
#define HAVE_SYS_TYPES_H 1
#define HAVE_SYS_STAT_H 1
#define HAVE_STDLIB_H 1
#define HAVE_STRING_H 1
#define HAVE_MEMORY_H 1
#define HAVE_STRINGS_H 1
#define HAVE_INTTYPES_H 1
#define HAVE_STDINT_H 1
#define HAVE_UNISTD_H 1
#define HAVE_STDINT_H 1
#define HAVE_STDLIB_H 1
#define HAVE_STRING_H 1
#define HAVE_STDLIB_H 1
#define HAVE_MALLOC 1
#define HAVE_MEMMOVE 1
#define HAVE_POW 1
#define HAVE_STRTOL 1
#define HAVE_PTHREAD_H 1

configure: exit 0
